{
  "Cucumber Features": {
    "coverage": {
      "/home/ensign/assignments/group/blog/lib/tasks/cucumber.rake": [
        null,
        null,
        null,
        null,
        null,
        null,
        null,
        2,
        null,
        1,
        1,
        null,
        1,
        1,
        null,
        1,
        1,
        1,
        1,
        1,
        null,
        null,
        1,
        1,
        1,
        1,
        null,
        null,
        1,
        1,
        1,
        1,
        null,
        null,
        1,
        1,
        null,
        1,
        0,
        0,
        0,
        null,
        null,
        1,
        0,
        0,
        0,
        0,
        null,
        null,
        null,
        null,
        1,
        1,
        null,
        1,
        null,
        1,
        0,
        null,
        null,
        null,
        1,
        null,
        null,
        1,
        null,
        1,
        null,
        0,
        0,
        0,
        null,
        null,
        null,
        null
      ]
    },
    "timestamp": 1461449912
  },
  "RSpec": {
    "coverage": {
      "/home/ensign/assignments/group/blog/app/controllers/sessions_controller.rb": [
        1,
        null,
        1,
        null,
        null,
        1,
        0,
        0,
        0,
        0,
        0,
        null,
        0,
        0,
        null,
        null,
        null,
        1,
        0,
        0,
        null,
        null
      ],
      "/home/ensign/assignments/group/blog/app/controllers/application_controller.rb": [
        1,
        1,
        null,
        null,
        null,
        1,
        1,
        null,
        1,
        1,
        4,
        null,
        null
      ],
      "/home/ensign/assignments/group/blog/app/helpers/application_helper.rb": [
        1,
        null,
        null,
        1,
        0,
        0,
        0,
        0,
        0,
        0,
        0,
        0,
        null,
        null,
        null,
        null,
        null
      ],
      "/home/ensign/assignments/group/blog/app/helpers/comments_helper.rb": [
        1,
        null
      ],
      "/home/ensign/assignments/group/blog/app/helpers/dreams_helper.rb": [
        1,
        null
      ],
      "/home/ensign/assignments/group/blog/app/helpers/microposts_helper.rb": [
        1,
        null
      ],
      "/home/ensign/assignments/group/blog/app/helpers/sessions_helper.rb": [
        1,
        null,
        null,
        1,
        0,
        null,
        null,
        null,
        1,
        0,
        0,
        0,
        null,
        null,
        null,
        1,
        6,
        6,
        0,
        0,
        0,
        0,
        0,
        null,
        null,
        null,
        null,
        null,
        1,
        3,
        null,
        null,
        null,
        1,
        0,
        0,
        0,
        null,
        null,
        null,
        1,
        0,
        0,
        0,
        null,
        null
      ],
      "/home/ensign/assignments/group/blog/app/helpers/users_helper.rb": [
        1,
        null,
        null,
        1,
        1,
        1,
        1,
        null,
        null
      ],
      "/home/ensign/assignments/group/blog/app/helpers/welcome_helper.rb": [
        1,
        null
      ],
      "/home/ensign/assignments/group/blog/app/models/user.rb": [
        1,
        1,
        1,
        null,
        1,
        1,
        1,
        null,
        1,
        1,
        null,
        null,
        1,
        1,
        null,
        null,
        1,
        0,
        null,
        0,
        null,
        null,
        null,
        1,
        0,
        null,
        null,
        null,
        1,
        0,
        0,
        null,
        null,
        null,
        1,
        0,
        0,
        null,
        null,
        null,
        1,
        0,
        null,
        null
      ],
      "/home/ensign/assignments/group/blog/app/controllers/dreams_controller.rb": [
        1,
        null,
        null,
        null,
        null,
        1,
        0,
        null,
        0,
        0,
        0,
        null,
        0,
        0,
        null,
        null,
        null,
        0,
        null,
        null,
        1,
        0,
        null,
        0,
        0,
        0,
        null,
        0,
        0,
        null,
        null,
        null,
        0,
        null,
        null,
        null,
        1,
        0,
        null,
        null,
        1,
        2,
        null,
        null,
        1,
        0,
        null,
        null,
        1,
        0,
        null,
        0,
        0,
        null,
        0,
        null,
        null,
        null,
        1,
        0,
        null,
        null,
        1,
        0,
        0,
        0,
        null,
        0,
        null,
        null,
        null,
        null,
        1,
        0,
        0,
        null,
        0,
        null,
        null,
        1,
        1,
        0,
        null,
        null
      ],
      "/home/ensign/assignments/group/blog/app/models/dream.rb": [
        1,
        null,
        1,
        null,
        null,
        null,
        1,
        1,
        null,
        1,
        0,
        null,
        null,
        1,
        44,
        null,
        null,
        1,
        44,
        null,
        null,
        null,
        null,
        1,
        110,
        null,
        null,
        1,
        66,
        null,
        null
      ],
      "/home/ensign/assignments/group/blog/app/controllers/users_controller.rb": [
        1,
        null,
        1,
        1,
        1,
        null,
        null,
        1,
        0,
        null,
        null,
        1,
        0,
        0,
        0,
        0,
        0,
        null,
        0,
        null,
        null,
        null,
        1,
        null,
        1,
        0,
        null,
        null,
        null
      ],
      "/home/ensign/assignments/group/blog/app/models/micropost.rb": [
        1,
        1,
        6,
        1,
        1,
        null
      ]
    },
    "timestamp": 1461450393
  }
}
