{
  "Cucumber Features": {
    "coverage": {
      "/home/slade/assignments/group/gitgroup/blog/app/models/dream.rb": [
        1,
        null,
        1,
        113,
        1,
        1,
        null,
        1,
        1,
        null,
        null,
        null,
        null,
        null,
        null,
        1,
        228,
        null,
        null,
        1,
        228,
        null,
        null,
        1,
        null,
        null,
        null,
        1,
        597,
        597,
        null,
        null,
        1,
        369,
        null,
        null,
        1,
        2,
        null,
        null
      ],
      "/home/slade/assignments/group/gitgroup/blog/app/controllers/dreams_controller.rb": [
        1,
        1,
        1,
        null,
        1,
        1,
        0,
        null,
        1,
        1,
        null,
        null,
        null,
        1,
        null,
        null,
        1,
        1,
        null,
        1,
        1,
        0,
        null,
        1,
        1,
        null,
        null,
        null,
        1,
        null,
        null,
        null,
        1,
        11,
        null,
        null,
        1,
        19,
        19,
        2,
        null,
        17,
        null,
        null,
        null,
        1,
        1,
        null,
        null,
        1,
        1,
        null,
        1,
        1,
        null,
        0,
        null,
        null,
        null,
        1,
        3,
        null,
        null,
        1,
        3,
        2,
        null,
        1,
        null,
        null,
        3,
        3,
        null,
        0,
        null,
        null,
        null,
        null,
        1,
        1,
        1,
        null,
        1,
        null,
        null,
        1,
        1,
        4,
        null,
        null
      ],
      "/home/slade/assignments/group/gitgroup/blog/app/controllers/application_controller.rb": [
        1,
        1,
        null,
        null,
        null,
        1,
        1,
        null,
        1,
        1,
        57,
        null,
        null
      ],
      "/home/slade/assignments/group/gitgroup/blog/app/helpers/application_helper.rb": [
        1,
        null,
        null,
        1,
        0,
        0,
        0,
        0,
        0,
        0,
        0,
        0,
        null,
        null,
        null,
        null,
        null
      ],
      "/home/slade/assignments/group/gitgroup/blog/app/helpers/comments_helper.rb": [
        1,
        null
      ],
      "/home/slade/assignments/group/gitgroup/blog/app/helpers/dreams_helper.rb": [
        1,
        null
      ],
      "/home/slade/assignments/group/gitgroup/blog/app/helpers/microposts_helper.rb": [
        1,
        null
      ],
      "/home/slade/assignments/group/gitgroup/blog/app/helpers/sessions_helper.rb": [
        1,
        null,
        null,
        1,
        4,
        null,
        null,
        null,
        1,
        0,
        0,
        0,
        null,
        null,
        null,
        1,
        0,
        null,
        null,
        null,
        1,
        170,
        112,
        58,
        0,
        0,
        0,
        0,
        null,
        null,
        null,
        null,
        null,
        1,
        114,
        null,
        null,
        null,
        1,
        3,
        3,
        3,
        null,
        null,
        null,
        1,
        0,
        0,
        0,
        null,
        null,
        null,
        1,
        3,
        3,
        null,
        null,
        null,
        1,
        0,
        null,
        null
      ],
      "/home/slade/assignments/group/gitgroup/blog/app/helpers/subthreads_helper.rb": [
        1,
        null
      ],
      "/home/slade/assignments/group/gitgroup/blog/app/helpers/users_helper.rb": [
        1,
        null,
        null,
        1,
        4,
        4,
        4,
        4,
        null,
        null
      ],
      "/home/slade/assignments/group/gitgroup/blog/app/helpers/welcome_helper.rb": [
        1,
        null
      ],
      "/home/slade/assignments/group/gitgroup/blog/app/models/comment.rb": [
        1,
        1,
        1,
        null
      ],
      "/home/slade/assignments/group/gitgroup/blog/app/controllers/comments_controller.rb": [
        1,
        1,
        3,
        3,
        3,
        null,
        null,
        1,
        0,
        0,
        0,
        0,
        null,
        null,
        1,
        1,
        3,
        null,
        null
      ],
      "/home/slade/assignments/group/gitgroup/blog/app/models/user.rb": [
        1,
        1,
        null,
        1,
        null,
        1,
        8,
        1,
        null,
        1,
        1,
        null,
        null,
        1,
        1,
        null,
        null,
        1,
        0,
        null,
        0,
        null,
        null,
        null,
        1,
        0,
        null,
        null,
        null,
        1,
        0,
        0,
        null,
        null,
        null,
        1,
        0,
        0,
        null,
        null,
        null,
        1,
        3,
        null,
        null
      ],
      "/home/slade/assignments/group/gitgroup/blog/app/controllers/sessions_controller.rb": [
        1,
        null,
        1,
        null,
        null,
        1,
        3,
        3,
        3,
        3,
        3,
        null,
        0,
        0,
        null,
        null,
        null,
        1,
        0,
        0,
        null,
        null
      ],
      "/home/slade/assignments/group/gitgroup/blog/app/controllers/users_controller.rb": [
        1,
        1,
        1,
        1,
        null,
        1,
        0,
        null,
        null,
        1,
        4,
        4,
        null,
        null,
        1,
        1,
        null,
        null,
        1,
        1,
        1,
        1,
        1,
        1,
        null,
        0,
        null,
        null,
        null,
        1,
        0,
        null,
        null,
        1,
        0,
        0,
        0,
        0,
        null,
        0,
        null,
        null,
        null,
        1,
        0,
        0,
        0,
        null,
        null,
        1,
        null,
        1,
        1,
        null,
        null,
        null,
        null,
        null,
        null,
        1,
        0,
        0,
        0,
        0,
        null,
        null,
        null,
        null,
        1,
        0,
        0,
        null,
        null,
        null,
        1,
        0,
        null,
        null
      ]
    },
    "timestamp": 1462100222
  },
  "RSpec": {
    "coverage": {
      "/home/slade/assignments/group/gitgroup/blog/app/controllers/dreams_controller.rb": [
        null,
        1,
        1,
        0,
        null,
        0,
        0,
        0,
        null,
        0,
        0,
        null,
        null,
        null,
        0,
        null,
        null,
        1,
        1,
        null,
        1,
        1,
        0,
        null,
        1,
        1,
        null,
        null,
        null,
        1,
        null,
        null,
        null,
        1,
        10,
        null,
        null,
        1,
        11,
        11,
        1,
        null,
        10,
        null,
        null,
        null,
        1,
        1,
        null,
        null,
        1,
        1,
        null,
        1,
        1,
        null,
        0,
        null,
        null,
        null,
        1,
        0,
        null,
        null,
        1,
        0,
        0,
        null,
        0,
        null,
        null,
        0,
        0,
        null,
        0,
        null,
        null,
        null,
        null,
        1,
        1,
        1,
        null,
        1,
        null,
        null,
        1,
        1,
        1,
        null,
        null
      ],
      "/home/slade/assignments/group/gitgroup/blog/app/controllers/application_controller.rb": [
        null,
        1,
        1,
        null,
        null,
        null,
        1,
        1,
        null,
        1,
        1,
        35,
        null,
        null
      ],
      "/home/slade/assignments/group/gitgroup/blog/app/helpers/application_helper.rb": [
        null,
        1,
        null,
        null,
        1,
        0,
        0,
        0,
        0,
        0,
        0,
        0,
        0,
        0,
        null,
        null,
        null,
        null,
        null
      ],
      "/home/slade/assignments/group/gitgroup/blog/app/helpers/comments_helper.rb": [
        null,
        1,
        null
      ],
      "/home/slade/assignments/group/gitgroup/blog/app/helpers/dreams_helper.rb": [
        null,
        1,
        null
      ],
      "/home/slade/assignments/group/gitgroup/blog/app/helpers/microposts_helper.rb": [
        null,
        null,
        1,
        null
      ],
      "/home/slade/assignments/group/gitgroup/blog/app/helpers/sessions_helper.rb": [
        null,
        null,
        1,
        null,
        null,
        1,
        1,
        null,
        null,
        null,
        1,
        1,
        1,
        1,
        1,
        null,
        null,
        null,
        1,
        0,
        null,
        null,
        null,
        1,
        115,
        115,
        115,
        83,
        32,
        0,
        0,
        0,
        0,
        null,
        null,
        null,
        null,
        null,
        1,
        75,
        null,
        null,
        null,
        1,
        2,
        2,
        2,
        null,
        null,
        null,
        1,
        2,
        2,
        2,
        null,
        null,
        null,
        1,
        1,
        1,
        null,
        null,
        null,
        1,
        0,
        null,
        null
      ],
      "/home/slade/assignments/group/gitgroup/blog/app/helpers/subthreads_helper.rb": [
        null,
        1,
        null
      ],
      "/home/slade/assignments/group/gitgroup/blog/app/helpers/users_helper.rb": [
        null,
        null,
        1,
        null,
        null,
        1,
        4,
        4,
        4,
        4,
        null,
        null
      ],
      "/home/slade/assignments/group/gitgroup/blog/app/helpers/welcome_helper.rb": [
        null,
        1,
        null
      ],
      "/home/slade/assignments/group/gitgroup/blog/app/models/dream.rb": [
        null,
        null,
        1,
        null,
        1,
        39,
        1,
        1,
        null,
        1,
        1,
        null,
        null,
        null,
        null,
        null,
        null,
        1,
        108,
        null,
        null,
        1,
        108,
        null,
        null,
        1,
        null,
        null,
        null,
        1,
        294,
        294,
        null,
        null,
        1,
        186,
        null,
        null,
        1,
        1,
        null,
        null
      ],
      "/home/slade/assignments/group/gitgroup/blog/app/models/user.rb": [
        null,
        1,
        1,
        null,
        1,
        null,
        1,
        4,
        1,
        null,
        1,
        1,
        null,
        null,
        1,
        1,
        null,
        null,
        1,
        1,
        null,
        1,
        null,
        null,
        null,
        1,
        1,
        null,
        null,
        null,
        1,
        1,
        1,
        null,
        null,
        null,
        1,
        0,
        0,
        null,
        null,
        null,
        1,
        2,
        null,
        null
      ],
      "/home/slade/assignments/group/gitgroup/blog/app/controllers/users_controller.rb": [
        null,
        1,
        1,
        1,
        1,
        null,
        1,
        1,
        null,
        null,
        1,
        2,
        2,
        null,
        null,
        1,
        0,
        null,
        null,
        1,
        0,
        0,
        0,
        0,
        0,
        null,
        0,
        null,
        null,
        null,
        1,
        0,
        null,
        null,
        1,
        0,
        0,
        0,
        0,
        null,
        0,
        null,
        null,
        null,
        1,
        0,
        0,
        0,
        null,
        null,
        1,
        null,
        1,
        0,
        null,
        null,
        null,
        null,
        null,
        null,
        1,
        1,
        0,
        0,
        0,
        null,
        null,
        null,
        null,
        1,
        0,
        0,
        null,
        null,
        null,
        1,
        0,
        null,
        null
      ],
      "/home/slade/assignments/group/gitgroup/blog/app/models/comment.rb": [
        null,
        null,
        1,
        1,
        1,
        null
      ],
      "/home/slade/assignments/group/gitgroup/blog/app/controllers/sessions_controller.rb": [
        null,
        1,
        null,
        1,
        null,
        null,
        1,
        1,
        1,
        1,
        1,
        1,
        1,
        null,
        0,
        0,
        null,
        null,
        null,
        1,
        2,
        2,
        null,
        null
      ],
      "/home/slade/assignments/group/gitgroup/blog/app/controllers/comments_controller.rb": [
        null,
        1,
        1,
        3,
        3,
        3,
        null,
        null,
        1,
        0,
        0,
        0,
        0,
        null,
        null,
        1,
        1,
        3,
        null,
        null
      ]
    },
    "timestamp": 1462102782
  }
}
